D:\MYPROGRAM\ED\ED\DEBUG\ED.PCH
D:\MYPROGRAM\ED\ED\DEBUG\STDAFX.OBJ
D:\MYPROGRAM\ED\ED\DEBUG\VC110.PDB
D:\MYPROGRAM\ED\ED\DEBUG\STREXT.OBJ
D:\MYPROGRAM\ED\ED\DEBUG\DLLMAIN.OBJ
D:\MYPROGRAM\ED\ED\DEBUG\ED.OBJ
D:\MYPROGRAM\ED\ED\DEBUG\INFODLG.OBJ
D:\MYPROGRAM\ED\ED\DEBUG\INPUTDLG.OBJ
D:\MYPROGRAM\ED\ED\DEBUG\JSON_READER.OBJ
D:\MYPROGRAM\ED\ED\DEBUG\JSON_VALUE.OBJ
D:\MYPROGRAM\ED\ED\DEBUG\JSON_WRITER.OBJ
D:\MYPROGRAM\ED\ED\DEBUG\JSON_FORMAT.OBJ
D:\MYPROGRAM\ED\ED\DEBUG\LUA_WRAPPER.OBJ
D:\MYPROGRAM\ED\ED\DEBUG\POPEN.OBJ
D:\MYPROGRAM\ED\ED\DEBUG\STATICDIALOG.OBJ
D:\MYPROGRAM\ED\ED\DEBUG\TCP_UDP.OBJ
D:\MYPROGRAM\ED\ED\DEBUG\TINYSTR.OBJ
D:\MYPROGRAM\ED\ED\DEBUG\TINYXML.OBJ
D:\MYPROGRAM\ED\ED\DEBUG\TINYXMLERROR.OBJ
D:\MYPROGRAM\ED\ED\DEBUG\TINYXMLPARSER.OBJ
D:\MYPROGRAM\ED\ED\DEBUG\XML_FORMAT.OBJ
D:\MYPROGRAM\ED\ED\DEBUG\LINIT.OBJ
D:\MYPROGRAM\ED\ED\DEBUG\LIOLIB.OBJ
D:\MYPROGRAM\ED\ED\DEBUG\LLEX.OBJ
D:\MYPROGRAM\ED\ED\DEBUG\LMATHLIB.OBJ
D:\MYPROGRAM\ED\ED\DEBUG\LMEM.OBJ
D:\MYPROGRAM\ED\ED\DEBUG\LOADLIB.OBJ
D:\MYPROGRAM\ED\ED\DEBUG\LOBJECT.OBJ
D:\MYPROGRAM\ED\ED\DEBUG\LOPCODES.OBJ
D:\MYPROGRAM\ED\ED\DEBUG\LOSLIB.OBJ
D:\MYPROGRAM\ED\ED\DEBUG\LPARSER.OBJ
D:\MYPROGRAM\ED\ED\DEBUG\LSTATE.OBJ
D:\MYPROGRAM\ED\ED\DEBUG\LSTRING.OBJ
D:\MYPROGRAM\ED\ED\DEBUG\LSTRLIB.OBJ
D:\MYPROGRAM\ED\ED\DEBUG\LTABLE.OBJ
D:\MYPROGRAM\ED\ED\DEBUG\LTABLIB.OBJ
D:\MYPROGRAM\ED\ED\DEBUG\LTM.OBJ
D:\MYPROGRAM\ED\ED\DEBUG\LUNDUMP.OBJ
D:\MYPROGRAM\ED\ED\DEBUG\LUTF8LIB.OBJ
D:\MYPROGRAM\ED\ED\DEBUG\LVM.OBJ
D:\MYPROGRAM\ED\ED\DEBUG\LZIO.OBJ
D:\MYPROGRAM\ED\ED\DEBUG\LAPI.OBJ
D:\MYPROGRAM\ED\ED\DEBUG\LAUXLIB.OBJ
D:\MYPROGRAM\ED\ED\DEBUG\LBASELIB.OBJ
D:\MYPROGRAM\ED\ED\DEBUG\LBITLIB.OBJ
D:\MYPROGRAM\ED\ED\DEBUG\LCODE.OBJ
D:\MYPROGRAM\ED\ED\DEBUG\LCOROLIB.OBJ
D:\MYPROGRAM\ED\ED\DEBUG\LCTYPE.OBJ
D:\MYPROGRAM\ED\ED\DEBUG\LDBLIB.OBJ
D:\MYPROGRAM\ED\ED\DEBUG\LDEBUG.OBJ
D:\MYPROGRAM\ED\ED\DEBUG\LDO.OBJ
D:\MYPROGRAM\ED\ED\DEBUG\LDUMP.OBJ
D:\MYPROGRAM\ED\ED\DEBUG\LFUNC.OBJ
D:\MYPROGRAM\ED\ED\DEBUG\LGC.OBJ
D:\MYPROGRAM\ED\ED\DEBUG\SCAN_FS.OBJ
D:\MyProgram\ed\Debug\ed.lib
D:\MyProgram\ed\Debug\ed.exp
D:\MYPROGRAM\ED\DEBUG\ED.ILK
D:\MYPROGRAM\ED\DEBUG\ED.DLL
D:\MYPROGRAM\ED\DEBUG\ED.PDB
D:\MYPROGRAM\ED\ED\DEBUG\ED.RES
D:\MyProgram\ed\ed\Debug\dllmain.obj
D:\MyProgram\ed\ed\Debug\ed.obj
D:\MyProgram\ed\ed\Debug\infoDlg.obj
D:\MyProgram\ed\ed\Debug\inputDlg.obj
D:\MyProgram\ed\ed\Debug\json_format.obj
D:\MyProgram\ed\ed\Debug\json_reader.obj
D:\MyProgram\ed\ed\Debug\json_value.obj
D:\MyProgram\ed\ed\Debug\json_writer.obj
D:\MyProgram\ed\ed\Debug\lapi.obj
D:\MyProgram\ed\ed\Debug\lauxlib.obj
D:\MyProgram\ed\ed\Debug\lbaselib.obj
D:\MyProgram\ed\ed\Debug\lbitlib.obj
D:\MyProgram\ed\ed\Debug\lcode.obj
D:\MyProgram\ed\ed\Debug\lcorolib.obj
D:\MyProgram\ed\ed\Debug\lctype.obj
D:\MyProgram\ed\ed\Debug\ldblib.obj
D:\MyProgram\ed\ed\Debug\ldebug.obj
D:\MyProgram\ed\ed\Debug\ldo.obj
D:\MyProgram\ed\ed\Debug\ldump.obj
D:\MyProgram\ed\ed\Debug\lfunc.obj
D:\MyProgram\ed\ed\Debug\lgc.obj
D:\MyProgram\ed\ed\Debug\linit.obj
D:\MyProgram\ed\ed\Debug\liolib.obj
D:\MyProgram\ed\ed\Debug\llex.obj
D:\MyProgram\ed\ed\Debug\lmathlib.obj
D:\MyProgram\ed\ed\Debug\lmem.obj
D:\MyProgram\ed\ed\Debug\loadlib.obj
D:\MyProgram\ed\ed\Debug\lobject.obj
D:\MyProgram\ed\ed\Debug\lopcodes.obj
D:\MyProgram\ed\ed\Debug\loslib.obj
D:\MyProgram\ed\ed\Debug\lparser.obj
D:\MyProgram\ed\ed\Debug\lstate.obj
D:\MyProgram\ed\ed\Debug\lstring.obj
D:\MyProgram\ed\ed\Debug\lstrlib.obj
D:\MyProgram\ed\ed\Debug\ltable.obj
D:\MyProgram\ed\ed\Debug\ltablib.obj
D:\MyProgram\ed\ed\Debug\ltm.obj
D:\MyProgram\ed\ed\Debug\lua_wrapper.obj
D:\MyProgram\ed\ed\Debug\lundump.obj
D:\MyProgram\ed\ed\Debug\lutf8lib.obj
D:\MyProgram\ed\ed\Debug\lvm.obj
D:\MyProgram\ed\ed\Debug\lzio.obj
D:\MyProgram\ed\ed\Debug\popen.obj
D:\MyProgram\ed\ed\Debug\scan_fs.obj
D:\MyProgram\ed\ed\Debug\StaticDialog.obj
D:\MyProgram\ed\ed\Debug\stdafx.obj
D:\MyProgram\ed\ed\Debug\strExt.obj
D:\MyProgram\ed\ed\Debug\tcp_udp.obj
D:\MyProgram\ed\ed\Debug\tinystr.obj
D:\MyProgram\ed\ed\Debug\tinyxml.obj
D:\MyProgram\ed\ed\Debug\tinyxmlerror.obj
D:\MyProgram\ed\ed\Debug\tinyxmlparser.obj
D:\MyProgram\ed\ed\Debug\xml_format.obj
D:\MyProgram\ed\ed\Debug\cl.command.1.tlog
D:\MyProgram\ed\ed\Debug\CL.read.1.tlog
D:\MyProgram\ed\ed\Debug\CL.write.1.tlog
D:\MyProgram\ed\ed\Debug\ed.write.1.tlog
D:\MyProgram\ed\ed\Debug\link-cvtres.read.1.tlog
D:\MyProgram\ed\ed\Debug\link-cvtres.write.1.tlog
D:\MyProgram\ed\ed\Debug\link-rc.read.1.tlog
D:\MyProgram\ed\ed\Debug\link-rc.write.1.tlog
D:\MyProgram\ed\ed\Debug\link.18948-cvtres.read.1.tlog
D:\MyProgram\ed\ed\Debug\link.18948-cvtres.write.1.tlog
D:\MyProgram\ed\ed\Debug\link.18948-rc.read.1.tlog
D:\MyProgram\ed\ed\Debug\link.18948-rc.write.1.tlog
D:\MyProgram\ed\ed\Debug\link.18948.read.1.tlog
D:\MyProgram\ed\ed\Debug\link.18948.write.1.tlog
D:\MyProgram\ed\ed\Debug\link.command.1.tlog
D:\MyProgram\ed\ed\Debug\link.read.1.tlog
D:\MyProgram\ed\ed\Debug\link.write.1.tlog
D:\MyProgram\ed\ed\Debug\rc.command.1.tlog
D:\MyProgram\ed\ed\Debug\rc.read.1.tlog
D:\MyProgram\ed\ed\Debug\rc.write.1.tlog
D:\MyProgram\ed\ed\Debug\ed.res
D:\MyProgram\ed\ed\Debug\ed.pch
D:\MyProgram\ed\ed\Debug\vc110.idb
D:\MyProgram\ed\ed\Debug\vc110.pdb
D:\MyProgram\ed\Debug\ed.pdb
D:\MyProgram\ed\Debug\ed.dll
D:\MyProgram\ed\Debug\ed.ilk
