D:\MYPROGRAM\ED\ED\RELEASE\TINYXMLPARSER.OBJ
D:\MYPROGRAM\ED\ED\RELEASE\TINYXMLERROR.OBJ
D:\MYPROGRAM\ED\ED\RELEASE\TINYXML.OBJ
D:\MYPROGRAM\ED\ED\RELEASE\TINYSTR.OBJ
D:\MYPROGRAM\ED\ED\RELEASE\STREXT.OBJ
D:\MYPROGRAM\ED\ED\RELEASE\STATICDIALOG.OBJ
D:\MYPROGRAM\ED\ED\RELEASE\LUA_WRAPPER.OBJ
D:\MYPROGRAM\ED\ED\RELEASE\INPUTDLG.OBJ
D:\MYPROGRAM\ED\ED\RELEASE\INFODLG.OBJ
D:\MYPROGRAM\ED\ED\RELEASE\JSON_WRITER.OBJ
D:\MYPROGRAM\ED\ED\RELEASE\JSON_VALUE.OBJ
D:\MYPROGRAM\ED\ED\RELEASE\ED.OBJ
D:\MYPROGRAM\ED\ED\RELEASE\JSON_FORMAT.OBJ
D:\MYPROGRAM\ED\ED\RELEASE\XML_FORMAT.OBJ
D:\MYPROGRAM\ED\ED\RELEASE\JSON_READER.OBJ
D:\MYPROGRAM\ED\ED\RELEASE\VC110.PDB
D:\MYPROGRAM\ED\ED\RELEASE\LOBJECT.OBJ
D:\MYPROGRAM\ED\ED\RELEASE\LOADLIB.OBJ
D:\MYPROGRAM\ED\ED\RELEASE\LMEM.OBJ
D:\MYPROGRAM\ED\ED\RELEASE\LMATHLIB.OBJ
D:\MYPROGRAM\ED\ED\RELEASE\LLEX.OBJ
D:\MYPROGRAM\ED\ED\RELEASE\LIOLIB.OBJ
D:\MYPROGRAM\ED\ED\RELEASE\LINIT.OBJ
D:\MYPROGRAM\ED\ED\RELEASE\LGC.OBJ
D:\MYPROGRAM\ED\ED\RELEASE\LFUNC.OBJ
D:\MYPROGRAM\ED\ED\RELEASE\LDUMP.OBJ
D:\MYPROGRAM\ED\ED\RELEASE\LDO.OBJ
D:\MYPROGRAM\ED\ED\RELEASE\LDEBUG.OBJ
D:\MYPROGRAM\ED\ED\RELEASE\LDBLIB.OBJ
D:\MYPROGRAM\ED\ED\RELEASE\LCTYPE.OBJ
D:\MYPROGRAM\ED\ED\RELEASE\LCOROLIB.OBJ
D:\MYPROGRAM\ED\ED\RELEASE\LCODE.OBJ
D:\MYPROGRAM\ED\ED\RELEASE\LBITLIB.OBJ
D:\MYPROGRAM\ED\ED\RELEASE\LBASELIB.OBJ
D:\MYPROGRAM\ED\ED\RELEASE\LAUXLIB.OBJ
D:\MYPROGRAM\ED\ED\RELEASE\LAPI.OBJ
D:\MYPROGRAM\ED\ED\RELEASE\LZIO.OBJ
D:\MYPROGRAM\ED\ED\RELEASE\LVM.OBJ
D:\MYPROGRAM\ED\ED\RELEASE\LUTF8LIB.OBJ
D:\MYPROGRAM\ED\ED\RELEASE\LUNDUMP.OBJ
D:\MYPROGRAM\ED\ED\RELEASE\LTM.OBJ
D:\MYPROGRAM\ED\ED\RELEASE\LTABLIB.OBJ
D:\MYPROGRAM\ED\ED\RELEASE\LTABLE.OBJ
D:\MYPROGRAM\ED\ED\RELEASE\LSTRLIB.OBJ
D:\MYPROGRAM\ED\ED\RELEASE\LSTRING.OBJ
D:\MYPROGRAM\ED\ED\RELEASE\LSTATE.OBJ
D:\MYPROGRAM\ED\ED\RELEASE\LPARSER.OBJ
D:\MYPROGRAM\ED\ED\RELEASE\LOSLIB.OBJ
D:\MYPROGRAM\ED\ED\RELEASE\LOPCODES.OBJ
D:\MYPROGRAM\ED\ED\RELEASE\ED.PCH
D:\MYPROGRAM\ED\ED\RELEASE\STDAFX.OBJ
D:\MYPROGRAM\ED\ED\RELEASE\DLLMAIN.OBJ
D:\MYPROGRAM\ED\ED\RELEASE\POPEN.OBJ
D:\MyProgram\ed\Release\ed.lib
D:\MyProgram\ed\Release\ed.exp
D:\MYPROGRAM\ED\RELEASE\ED.DLL
D:\MYPROGRAM\ED\RELEASE\ED.PDB
D:\MYPROGRAM\ED\ED\RELEASE\ED.RES
D:\MyProgram\ed\ed\Release\dllmain.obj
D:\MyProgram\ed\ed\Release\ed.obj
D:\MyProgram\ed\ed\Release\infoDlg.obj
D:\MyProgram\ed\ed\Release\inputDlg.obj
D:\MyProgram\ed\ed\Release\json_format.obj
D:\MyProgram\ed\ed\Release\json_reader.obj
D:\MyProgram\ed\ed\Release\json_value.obj
D:\MyProgram\ed\ed\Release\json_writer.obj
D:\MyProgram\ed\ed\Release\lapi.obj
D:\MyProgram\ed\ed\Release\lauxlib.obj
D:\MyProgram\ed\ed\Release\lbaselib.obj
D:\MyProgram\ed\ed\Release\lbitlib.obj
D:\MyProgram\ed\ed\Release\lcode.obj
D:\MyProgram\ed\ed\Release\lcorolib.obj
D:\MyProgram\ed\ed\Release\lctype.obj
D:\MyProgram\ed\ed\Release\ldblib.obj
D:\MyProgram\ed\ed\Release\ldebug.obj
D:\MyProgram\ed\ed\Release\ldo.obj
D:\MyProgram\ed\ed\Release\ldump.obj
D:\MyProgram\ed\ed\Release\lfunc.obj
D:\MyProgram\ed\ed\Release\lgc.obj
D:\MyProgram\ed\ed\Release\linit.obj
D:\MyProgram\ed\ed\Release\liolib.obj
D:\MyProgram\ed\ed\Release\llex.obj
D:\MyProgram\ed\ed\Release\lmathlib.obj
D:\MyProgram\ed\ed\Release\lmem.obj
D:\MyProgram\ed\ed\Release\loadlib.obj
D:\MyProgram\ed\ed\Release\lobject.obj
D:\MyProgram\ed\ed\Release\lopcodes.obj
D:\MyProgram\ed\ed\Release\loslib.obj
D:\MyProgram\ed\ed\Release\lparser.obj
D:\MyProgram\ed\ed\Release\lstate.obj
D:\MyProgram\ed\ed\Release\lstring.obj
D:\MyProgram\ed\ed\Release\lstrlib.obj
D:\MyProgram\ed\ed\Release\ltable.obj
D:\MyProgram\ed\ed\Release\ltablib.obj
D:\MyProgram\ed\ed\Release\ltm.obj
D:\MyProgram\ed\ed\Release\lua_wrapper.obj
D:\MyProgram\ed\ed\Release\lundump.obj
D:\MyProgram\ed\ed\Release\lutf8lib.obj
D:\MyProgram\ed\ed\Release\lvm.obj
D:\MyProgram\ed\ed\Release\lzio.obj
D:\MyProgram\ed\ed\Release\popen.obj
D:\MyProgram\ed\ed\Release\StaticDialog.obj
D:\MyProgram\ed\ed\Release\stdafx.obj
D:\MyProgram\ed\ed\Release\strExt.obj
D:\MyProgram\ed\ed\Release\tinystr.obj
D:\MyProgram\ed\ed\Release\tinyxml.obj
D:\MyProgram\ed\ed\Release\tinyxmlerror.obj
D:\MyProgram\ed\ed\Release\tinyxmlparser.obj
D:\MyProgram\ed\ed\Release\xml_format.obj
D:\MyProgram\ed\ed\Release\cl.command.1.tlog
D:\MyProgram\ed\ed\Release\CL.read.1.tlog
D:\MyProgram\ed\ed\Release\CL.write.1.tlog
D:\MyProgram\ed\ed\Release\ed.write.1.tlog
D:\MyProgram\ed\ed\Release\link-cvtres.read.1.tlog
D:\MyProgram\ed\ed\Release\link-cvtres.write.1.tlog
D:\MyProgram\ed\ed\Release\link-rc.read.1.tlog
D:\MyProgram\ed\ed\Release\link-rc.write.1.tlog
D:\MyProgram\ed\ed\Release\link.command.1.tlog
D:\MyProgram\ed\ed\Release\link.read.1.tlog
D:\MyProgram\ed\ed\Release\link.write.1.tlog
D:\MyProgram\ed\ed\Release\rc.command.1.tlog
D:\MyProgram\ed\ed\Release\rc.read.1.tlog
D:\MyProgram\ed\ed\Release\rc.write.1.tlog
D:\MyProgram\ed\ed\Release\ed.res
D:\MyProgram\ed\ed\Release\ed.pch
D:\MyProgram\ed\ed\Release\vc110.pdb
D:\MyProgram\ed\Release\ed.pdb
D:\MyProgram\ed\Release\ed.dll
